<?xml version="1.0" encoding="UTF-8"?>
<testsuite xmlns:xsi="http://www.w3.org/2001/XMLSchema-instance" xsi:noNamespaceSchemaLocation="https://maven.apache.org/surefire/maven-surefire-plugin/xsd/surefire-test-report.xsd" version="3.0.2" name="com.example.makemytrip.MakemytripApplicationTests" time="4.45" tests="1" errors="0" skipped="0" failures="0">
  <properties>
[...]
</properties>
  <testcase name="contextLoads" classname="com.example.makemytrip.MakemytripApplicationTests" time="0.9">
    <system-out><![CDATA[20:28:25.620 [main] INFO org.springframework.test.context.support.AnnotationConfigContextLoaderUtils -- Could not detect default configuration classes for test class [com.example.makemytrip.MakemytripApplicationTests]: MakemytripApplicationTests does not declare any static, non-private, non-final, nested classes annotated with @Configuration.
20:28:25.763 [main] INFO org.springframework.boot.test.context.SpringBootTestContextBootstrapper -- Found @SpringBootConfiguration com.example.makemytrip.MakemytripApplication for test class com.example.makemytrip.MakemytripApplicationTests

  .   ____          _            __ _ _
 /\\ / ___'_ __ _ _(_)_ __  __ _ \ \ \ \
( ( )\___ | '_ | '_| | '_ \/ _` | \ \ \ \
 \\/  ___)| |_)| | | | | || (_| |  ) ) ) )
  '  |____| .__|_| |_|_| |_\__, | / / / /
 =========|_|==============|___/=/_/_/_/

 :: Spring Boot ::               (v3.4.12)

2025-11-26T20:28:26.360+05:30  INFO 16512 --- [makemytrip] [           main] c.e.m.MakemytripApplicationTests         : Starting MakemytripApplicationTests using Java 21.0.8 with PID 16512 (started by Admin in C:\Users\Admin\Desktop\Demo\makemytrip)
2025-11-26T20:28:26.363+05:30  INFO 16512 --- [makemytrip] [           main] c.e.m.MakemytripApplicationTests         : No active profile set, falling back to 1 default profile: "default"
2025-11-26T20:28:28.665+05:30  INFO 16512 --- [makemytrip] [           main] o.s.b.a.e.web.EndpointLinksResolver      : Exposing 1 endpoint beneath base path '/actuator'
2025-11-26T20:28:28.747+05:30  INFO 16512 --- [makemytrip] [           main] c.e.m.MakemytripApplicationTests         : Started MakemytripApplicationTests in 2.756 seconds (process running for 3.922)
]]></system-out>
    <system-err><![CDATA[Mockito is currently self-attaching to enable the inline-mock-maker. This will no longer work in future releases of the JDK. Please add Mockito as an agent to your build what is described in Mockito's documentation: https://javadoc.io/doc/org.mockito/mockito-core/latest/org/mockito/Mockito.html#0.3
WARNING: A Java agent has been loaded dynamically (C:\Users\Admin\.m2\repository\net\bytebuddy\byte-buddy-agent\1.15.11\byte-buddy-agent-1.15.11.jar)
WARNING: If a serviceability tool is in use, please run with -XX:+EnableDynamicAgentLoading to hide this warning
WARNING: If a serviceability tool is not in use, please run with -Djdk.instrument.traceUsage for more information
WARNING: Dynamic loading of agents will be disallowed by default in a future release
]]></system-err>
  </testcase>
</testsuite>